<?xml version="1.0" encoding="UTF-8"?>
<!-- Generated by org.testng.reporters.JUnitReportReporter -->
<testsuite hostname="SARAS-CNB01" failures="0" tests="1" name="api.test.E2ETestScripts" time="2.669" errors="0" timestamp="2023-07-18T18:15:34 PDT" skipped="0">
  <testcase classname="api.test.E2ETestScripts" name="fetchEmployeeDataById" time="2.669"/>
  <system-out/>
</testsuite> <!-- api.test.E2ETestScripts -->
